build/app/outputs/mapping/release/seeds.txt
com.municipalidad_de_malargue.MainActivity: MainActivity()
com.municipalidad_de_malargue.MainActivity
...
io.flutter.view.AccessibilityBridge: io.flutter.embedding.engine.systemchannels.AccessibilityChannel access$700(io.flutter.view.AccessibilityBridge)
io.flutter.view.AccessibilityBridge$SemanticsNode: float[] transform
io.flutter.embedding.engine.FlutterJNI: void nativeDispatchPlatformMessage(long,java.lang.String,java.nio.ByteBuffer,int,int)
io.flutter.plugins.imagepicker.R$styleable: int[] GradientColorItem
androidx.appcompat.widget.Toolbar: android.widget.TextView getSubtitleTextView()
io.flutter.plugin.common.StandardMessageCodec: java.nio.charset.Charset UTF8
io.flutter.plugin.platform.PlatformViewsController: io.flutter.plugin.editing.TextInputPlugin access$1100(io.flutter.plugin.platform.PlatformViewsController)
io.flutter.embedding.android.FlutterFragment: void onFlutterSurfaceViewCreated(io.flutter.embedding.android.FlutterSurfaceView)
androidx.lifecycle.ReportFragment$LifecycleCallbacks: void onActivityPreStopped(android.app.Activity)
io.flutter.embedding.android.FlutterActivityAndFragmentDelegate$Host: androidx.lifecycle.Lifecycle getLifecycle()
io.flutter.view.VsyncWaiter: void init()
androidx.appcompat.widget.ViewStubCompat: void setLayoutResource(int)
androidx.fragment.app.FragmentActivity: boolean onPreparePanel(int,android.view.View,android.view.Menu)
androidx.fragment.app.Fragment: java.lang.Boolean mIsPrimaryNavigationFragment
io.flutter.embedding.android.FlutterView$RenderMode: io.flutter.embedding.android.FlutterView$RenderMode valueOf(java.lang.String)
io.flutter.plugins.imagepicker.R$styleable: int GradientColor_android_gradientRadius
io.flutter.plugin.editing.ImeSyncDeferringInsetsCallback
io.flutter.plugin.platform.PlatformPlugin$1: java.lang.CharSequence getClipboardData(io.flutter.embedding.engine.systemchannels.PlatformChannel$ClipboardContentFormat)
io.flutter.embedding.engine.FlutterShellArgs: java.lang.String ARG_START_PAUSED
androidx.coordinatorlayout.widget.CoordinatorLayout: int getSuggestedMinimumHeight()
androidx.activity.ComponentActivity: androidx.lifecycle.Lifecycle getLifecycle()
io.flutter.plugin.editing.InputConnectionAdaptor: io.flutter.embedding.engine.systemchannels.TextInputChannel textInputChannel
androidx.fragment.app.Fragment: void performDestroy()
io.flutter.app.FlutterPluginRegistry$FlutterRegistrar: android.content.Context context()
io.flutter.app.FlutterPluginRegistry$FlutterRegistrar: java.lang.String lookupKeyForAsset(java.lang.String,java.lang.String)
io.flutter.plugins.imagepicker.R$id: int action_image
androidx.vectordrawable.graphics.drawable.VectorDrawableCompat$VFullPath: void setTrimPathEnd(float)
io.flutter.plugins.urllauncher.R$attr: int fontVariationSettings
io.flutter.view.FlutterView$ViewportMetrics: FlutterView$ViewportMetrics()
com.google.android.material.bottomappbar.BottomAppBar$Behavior: BottomAppBar$Behavior()
com.google.android.material.transformation.FabTransformationBehavior
androidx.core.app.RemoteActionCompat: RemoteActionCompat()
io.flutter.embedding.engine.FlutterEngineConnectionRegistry$FlutterEngineActivityPluginBinding: java.util.Set onSaveInstanceStateListeners
androidx.appcompat.widget.ContentFrameLayout: void setAttachListener(androidx.appcompat.widget.ContentFrameLayout$OnAttachListener)
io.flutter.plugins.urllauncher.BuildConfig: java.lang.String BUILD_TYPE
io.flutter.embedding.engine.dart.DartExecutor$DefaultBinaryMessenger: void send(java.lang.String,java.nio.ByteBuffer,io.flutter.plugin.common.BinaryMessenger$BinaryReply)
io.flutter.plugin.platform.PlatformPlugin: void access$500(io.flutter.plugin.platform.PlatformPlugin,io.flutter.embedding.engine.systemchannels.PlatformChannel$SystemChromeStyle)
androidx.appcompat.widget.ActionBarContextView: void setContentHeight(int)
io.flutter.plugins.imagepicker.ImagePickerDelegate: void access$000(io.flutter.plugins.imagepicker.ImagePickerDelegate,java.lang.String,boolean)