build/app/outputs/mapping/release/mapping.txt
# compiler: R8
# compiler_version: 2.1.62
# min_api: 20
# pg_map_id: ac59af0
# common_typos_disable
...
com.uuzuche.lib_zxing.activity.CaptureActivity$2 -> com.uuzuche.lib_zxing.activity.CaptureActivity$b:
    com.uuzuche.lib_zxing.activity.CaptureActivity this$0 -> a
    void onAnalyzeFailed() -> a
    void onAnalyzeSuccess(android.graphics.Bitmap,java.lang.String) -> b
com.uuzuche.lib_zxing.activity.CaptureFragment -> com.uuzuche.lib_zxing.activity.a:
    java.lang.String characterSet -> f
    android.media.MediaPlayer$OnCompletionListener beepListener -> o
    android.media.MediaPlayer mediaPlayer -> h
    com.uuzuche.lib_zxing.decoding.CaptureActivityHandler handler -> b
    com.uuzuche.lib_zxing.view.ViewfinderView viewfinderView -> c
    boolean playBeep -> i
    boolean vibrate -> j
    android.hardware.Camera camera -> n
    java.util.Vector decodeFormats -> e
    android.view.SurfaceView surfaceView -> k
    android.view.SurfaceHolder surfaceHolder -> l
    com.uuzuche.lib_zxing.activity.CaptureFragment$CameraInitCallBack callBack -> p
    com.uuzuche.lib_zxing.decoding.InactivityTimer inactivityTimer -> g
    com.uuzuche.lib_zxing.activity.CodeUtils$AnalyzeCallback analyzeCallback -> m
    boolean hasSurface -> d
    void drawViewfinder() -> a
    android.os.Handler getHandler() -> b
    void handleDecode(com.google.zxing.Result,android.graphics.Bitmap) -> c
    void initBeepSound() -> d
    void initCamera(android.view.SurfaceHolder) -> e
    void playBeepSoundAndVibrate() -> f
    void setAnalyzeCallback(com.uuzuche.lib_zxing.activity.CodeUtils$AnalyzeCallback) -> g
    void setCameraInitCallBack(com.uuzuche.lib_zxing.activity.CaptureFragment$CameraInitCallBack) -> h
com.uuzuche.lib_zxing.activity.CaptureFragment$1 -> com.uuzuche.lib_zxing.activity.a$a:
com.uuzuche.lib_zxing.activity.CaptureFragment$CameraInitCallBack -> com.uuzuche.lib_zxing.activity.a$b:
    void callBack(java.lang.Exception) -> a
com.uuzuche.lib_zxing.activity.CodeUtils -> com.uuzuche.lib_zxing.activity.b:
    void analyzeBitmap(android.graphics.Bitmap,com.uuzuche.lib_zxing.activity.CodeUtils$AnalyzeCallback) -> a
    void analyzeBitmap(java.lang.String,com.uuzuche.lib_zxing.activity.CodeUtils$AnalyzeCallback) -> b
    android.graphics.Bitmap createImage(java.lang.String,int,int,android.graphics.Bitmap) -> c
    android.graphics.Bitmap getScaleLogo(android.graphics.Bitmap,int,int) -> d
    void isLightEnable(boolean) -> e
    void setFragmentArgs(com.uuzuche.lib_zxing.activity.CaptureFragment,int) -> f
com.uuzuche.lib_zxing.activity.CodeUtils$AnalyzeCallback -> com.uuzuche.lib_zxing.activity.b$a:
    void onAnalyzeFailed() -> a
    void onAnalyzeSuccess(android.graphics.Bitmap,java.lang.String) -> b
com.uuzuche.lib_zxing.activity.ZXingLibrary -> com.uuzuche.lib_zxing.activity.c:
    void initDisplayOpinion(android.content.Context) -> a
com.uuzuche.lib_zxing.camera.AutoFocusCallback -> b.c.a.h.a:
    android.os.Handler autoFocusHandler -> a
    java.lang.String TAG -> c
    int autoFocusMessage -> b
    void setHandler(android.os.Handler,int) -> a
com.uuzuche.lib_zxing.camera.BitmapLuminanceSource -> b.c.a.h.b:
    byte[] bitmapPixels -> c
    byte[] getMatrix() -> b
    byte[] getRow(int,byte[]) -> c