build/app/outputs/mapping/release/usage.txt
com.municipalidad_de_malargue.R$anim
com.municipalidad_de_malargue.R$layout
com.municipalidad_de_malargue.R$integer
com.municipalidad_de_malargue.R$animator
com.municipalidad_de_malargue.R
com.municipalidad_de_malargue.R$attr
com.municipalidad_de_malargue.R$color
com.municipalidad_de_malargue.R$drawable
com.municipalidad_de_malargue.R$bool
com.municipalidad_de_malargue.R$raw
com.municipalidad_de_malargue.R$interpolator
com.municipalidad_de_malargue.R$dimen
com.municipalidad_de_malargue.R$string
com.municipalidad_de_malargue.BuildConfig
com.municipalidad_de_malargue.R$xml
com.municipalidad_de_malargue.R$styleable
com.municipalidad_de_malargue.R$id
com.municipalidad_de_malargue.R$mipmap
com.municipalidad_de_malargue.R$style
...
kotlin.collections.ArraysKt___ArraysKt$asIterable$$inlined$Iterable$5
com.google.android.material.navigation.NavigationView$SavedState
androidx.annotation.DrawableRes
kotlin.collections.ArraysKt
com.squareup.picasso.BitmapHunter$1
kotlin.comparisons.ComparisonsKt__ComparisonsKt$compareBy$1
kotlin.text.MatcherMatchResult$groupValues$1
okhttp3.CacheControl
com.squareup.picasso.FileRequestHandler
androidx.recyclerview.widget.ItemTouchHelper$ViewDropHandler
kotlin.coroutines.CoroutineContext$Key
kotlin.collections.ArraysKt___ArraysJvmKt$asList$7
okhttp3.internal.http.UnrepeatableRequestBody
okhttp3.internal.platform.JdkWithJettyBootPlatform$JettyNegoProvider
kotlin.reflect.KAnnotatedElement
com.google.android.material.textfield.TextInputLayout$SavedState$1
androidx.recyclerview.widget.ItemTouchHelper$2
com.google.android.material.textfield.IndicatorViewController
kotlin.ranges.URangesKt___URangesKt
com.google.android.material.internal.NavigationMenuItemView:
    public void <init>(android.content.Context)
    public void recycle()
    public void setShortcut(boolean,char)
    public boolean showsIcon()
androidx.appcompat.widget.PopupMenu$2
kotlin.sequences.SequencesKt___SequencesKt$filterIndexed$1
okhttp3.Response
androidx.transition.MatrixUtils
androidx.lifecycle.MutableLiveData:
    public void postValue(java.lang.Object)
androidx.appcompat.widget.ScrollingTabContainerView$VisibilityAnimListener
kotlin.jvm.JvmWildcard
androidx.core.content.res.FontResourcesParserCompat$FetchStrategy
okhttp3.ConnectionPool$1
androidx.appcompat.widget.ActionBarContainer:
    public void <init>(android.content.Context)
kotlin.collections.AbstractList$IteratorImpl
androidx.core.view.GestureDetectorCompat$GestureDetectorCompatImpl
androidx.annotation.LongDef
kotlin.comparisons.NaturalOrderComparator
com.google.android.material.R$anim
kotlin.collections.AbstractMutableList
okhttp3.Callback
com.google.android.material.internal.DescendantOffsetUtils:
    public void <init>()
okhttp3.internal.http1.Http1Codec$FixedLengthSource
kotlin.PreconditionsKt__AssertionsJVMKt
androidx.exifinterface.R
androidx.core.app.ServiceCompat
kotlin.jvm.internal.ReflectionFactory
com.google.android.material.circularreveal.CircularRevealHelper:
    public void <init>(com.google.android.material.circularreveal.CircularRevealHelper$Delegate)
    private void invalidateRevealInfo()
    private float getDistanceToFurthestCorner(com.google.android.material.circularreveal.CircularRevealWidget$RevealInfo)
    private void drawOverlayDrawable(android.graphics.Canvas)
    private boolean shouldDrawCircularReveal()
    private boolean shouldDrawScrim()
    private boolean shouldDrawOverlayDrawable()
    private void drawDebugMode(android.graphics.Canvas)
    private void drawDebugCircle(android.graphics.Canvas,int,float)
    private final com.google.android.material.circularreveal.CircularRevealHelper$Delegate delegate
    private final android.view.View view
    private final android.graphics.Path revealPath
    private final android.graphics.Paint revealPaint
    private final android.graphics.Paint scrimPaint
    private com.google.android.material.circularreveal.CircularRevealWidget$RevealInfo revealInfo
    private android.graphics.drawable.Drawable overlayDrawable
    private android.graphics.Paint debugPaint
    private boolean buildingCircularRevealCache
    private boolean hasCircularRevealCache
    private static final boolean DEBUG
    public static final int BITMAP_SHADER
    public static final int CLIP_PATH
    public static final int REVEAL_ANIMATOR
androidx.loader.content.ModernAsyncTask$2
okhttp3.internal.http2.Http2Reader$ContinuationSource
kotlin.coroutines.experimental.migration.ExperimentalContinuationMigration
androidx.loader.content.ModernAsyncTask$WorkerRunnable
kotlin.io.FileTreeWalk$FileTreeWalkIterator$TopDownDirectoryState
okio.Utf8
okhttp3.internal.http2.PushObserver